app/build/intermediates/manifest_merge_blame_file/debug/manifest-merger-blame-debug-report.txt
1<?xml version="1.0" encoding="utf-8"?>
2<manifest xmlns:android="http://schemas.android.com/apk/res/android"
3    package="com.example.chatapp"
4    android:versionCode="1"
5    android:versionName="1.0" >
6
7    <uses-sdk
8        android:minSdkVersion="21"
8-->src\main\AndroidManifest.xml
9        android:targetSdkVersion="31" />
9-->src\main\AndroidManifest.xml
10
11    <uses-permission android:name="android.permission.INTERNET" />
11-->[com.google.firebase:firebase-auth:21.0.1] AndroidManifest.xml:23:5-67
11-->[com.google.firebase:firebase-auth:21.0.1] AndroidManifest.xml:23:22-64
12    <uses-permission android:name="android.permission.ACCESS_NETWORK_STATE" />
12-->[com.google.firebase:firebase-auth:21.0.1] AndroidManifest.xml:24:5-79
12-->[com.google.firebase:firebase-auth:21.0.1] AndroidManifest.xml:24:22-76
13    <uses-permission android:name="android.permission.WAKE_LOCK" />
13-->[com.google.android.gms:play-services-measurement-api:20.0.0] AndroidManifest.xml:24:5-68
13-->[com.google.android.gms:play-services-measurement-api:20.0.0] AndroidManifest.xml:24:22-65
14    <uses-permission android:name="com.google.android.finsky.permission.BIND_GET_INSTALL_REFERRER_SERVICE" />
14-->[com.google.android.gms:play-services-measurement:20.0.0] AndroidManifest.xml:26:5-110
14-->[com.google.android.gms:play-services-measurement:20.0.0] AndroidManifest.xml:26:22-107
15
16    <application
16-->src\main\AndroidManifest.xml:5:5-37:19
17        android:allowBackup="true"
17-->src\main\AndroidManifest.xml:6:9-35
18        android:appComponentFactory="androidx.core.app.CoreComponentFactory"
18-->[androidx.core:core:1.7.0] AndroidManifest.xml:24:18-86
19        android:debuggable="true"
20        android:icon="@mipmap/ic_launcher"
20-->src\main\AndroidManifest.xml:7:9-43
21        android:label="@string/app_name"
21-->src\main\AndroidManifest.xml:8:9-41
22        android:roundIcon="@mipmap/ic_launcher_round"
22-->src\main\AndroidManifest.xml:9:9-54
23        android:supportsRtl="true"
23-->src\main\AndroidManifest.xml:10:9-35
24        android:testOnly="true"
25        android:theme="@style/Theme.ChatApp" >
25-->src\main\AndroidManifest.xml:11:9-45
26        <activity
26-->src\main\AndroidManifest.xml:12:9-14:40
27            android:name="com.example.unichatapp.MyProfileActivity"
27-->src\main\AndroidManifest.xml:13:13-46
28            android:exported="false" />
28-->src\main\AndroidManifest.xml:14:13-37
29        <activity
29-->src\main\AndroidManifest.xml:15:9-24:20
30            android:name="com.example.unichatapp.SplashActivity"
30-->src\main\AndroidManifest.xml:16:13-43
31            android:exported="true"
31-->src\main\AndroidManifest.xml:17:13-36
32            android:screenOrientation="portrait" >
32-->src\main\AndroidManifest.xml:18:13-49
33            <intent-filter>
33-->src\main\AndroidManifest.xml:19:13-23:29
34                <action android:name="android.intent.action.MAIN" />
34-->src\main\AndroidManifest.xml:20:17-69
34-->src\main\AndroidManifest.xml:20:25-66
35
36                <category android:name="android.intent.category.LAUNCHER" />
36-->src\main\AndroidManifest.xml:22:17-77
36-->src\main\AndroidManifest.xml:22:27-74
37            </intent-filter>
38        </activity>
39        <activity
39-->src\main\AndroidManifest.xml:25:9-27:40
40            android:name="com.example.unichatapp.ChatActivity"
40-->src\main\AndroidManifest.xml:26:13-41
41            android:exported="false" />
41-->src\main\AndroidManifest.xml:27:13-37
42        <activity
42-->src\main\AndroidManifest.xml:28:9-30:40
43            android:name="com.example.unichatapp.SignUpActivity"
43-->src\main\AndroidManifest.xml:29:13-43
44            android:exported="false" />
44-->src\main\AndroidManifest.xml:30:13-37
45        <activity
45-->src\main\AndroidManifest.xml:31:9-33:40
46            android:name="com.example.unichatapp.LoginActivity"
46-->src\main\AndroidManifest.xml:32:13-42
47            android:exported="false" />
47-->src\main\AndroidManifest.xml:33:13-37
48        <activity
48-->src\main\AndroidManifest.xml:34:9-36:40
49            android:name="com.example.unichatapp.MainActivity"
49-->src\main\AndroidManifest.xml:35:13-41
50            android:exported="false" />
50-->src\main\AndroidManifest.xml:36:13-37
51        <activity
51-->[com.google.firebase:firebase-auth:21.0.1] AndroidManifest.xml:27:9-44:20
52            android:name="com.google.firebase.auth.internal.GenericIdpActivity"
52-->[com.google.firebase:firebase-auth:21.0.1] AndroidManifest.xml:28:13-80
53            android:excludeFromRecents="true"
53-->[com.google.firebase:firebase-auth:21.0.1] AndroidManifest.xml:29:13-46
54            android:exported="true"
54-->[com.google.firebase:firebase-auth:21.0.1] AndroidManifest.xml:30:13-36
55            android:launchMode="singleTask"
55-->[com.google.firebase:firebase-auth:21.0.1] AndroidManifest.xml:31:13-44
56            android:theme="@android:style/Theme.Translucent.NoTitleBar" >
56-->[com.google.firebase:firebase-auth:21.0.1] AndroidManifest.xml:32:13-72
57            <intent-filter>
57-->[com.google.firebase:firebase-auth:21.0.1] AndroidManifest.xml:33:13-43:29
58                <action android:name="android.intent.action.VIEW" />
58-->[com.google.firebase:firebase-auth:21.0.1] AndroidManifest.xml:34:17-69
58-->[com.google.firebase:firebase-auth:21.0.1] AndroidManifest.xml:34:25-66
59
60                <category android:name="android.intent.category.DEFAULT" />
60-->[com.google.firebase:firebase-auth:21.0.1] AndroidManifest.xml:36:17-76
60-->[com.google.firebase:firebase-auth:21.0.1] AndroidManifest.xml:36:27-73
61                <category android:name="android.intent.category.BROWSABLE" />
61-->[com.google.firebase:firebase-auth:21.0.1] AndroidManifest.xml:37:17-78
61-->[com.google.firebase:firebase-auth:21.0.1] AndroidManifest.xml:37:27-75
62
63                <data
63-->[com.google.firebase:firebase-auth:21.0.1] AndroidManifest.xml:39:17-42:51
64                    android:host="firebase.auth"
64-->[com.google.firebase:firebase-auth:21.0.1] AndroidManifest.xml:40:21-49
65                    android:path="/"
65-->[com.google.firebase:firebase-auth:21.0.1] AndroidManifest.xml:41:21-37
66                    android:scheme="genericidp" />
66-->[com.google.firebase:firebase-auth:21.0.1] AndroidManifest.xml:42:21-48
67            </intent-filter>
68        </activity>
69        <activity
69-->[com.google.firebase:firebase-auth:21.0.1] AndroidManifest.xml:45:9-62:20
70            android:name="com.google.firebase.auth.internal.RecaptchaActivity"
70-->[com.google.firebase:firebase-auth:21.0.1] AndroidManifest.xml:46:13-79
71            android:excludeFromRecents="true"
71-->[com.google.firebase:firebase-auth:21.0.1] AndroidManifest.xml:47:13-46
72            android:exported="true"
72-->[com.google.firebase:firebase-auth:21.0.1] AndroidManifest.xml:48:13-36
73            android:launchMode="singleTask"
73-->[com.google.firebase:firebase-auth:21.0.1] AndroidManifest.xml:49:13-44
74            android:theme="@android:style/Theme.Translucent.NoTitleBar" >
74-->[com.google.firebase:firebase-auth:21.0.1] AndroidManifest.xml:50:13-72
75            <intent-filter>
75-->[com.google.firebase:firebase-auth:21.0.1] AndroidManifest.xml:51:13-61:29
76                <action android:name="android.intent.action.VIEW" />
76-->[com.google.firebase:firebase-auth:21.0.1] AndroidManifest.xml:34:17-69
76-->[com.google.firebase:firebase-auth:21.0.1] AndroidManifest.xml:34:25-66
77
78                <category android:name="android.intent.category.DEFAULT" />
78-->[com.google.firebase:firebase-auth:21.0.1] AndroidManifest.xml:36:17-76
78-->[com.google.firebase:firebase-auth:21.0.1] AndroidManifest.xml:36:27-73
79                <category android:name="android.intent.category.BROWSABLE" />
79-->[com.google.firebase:firebase-auth:21.0.1] AndroidManifest.xml:37:17-78
79-->[com.google.firebase:firebase-auth:21.0.1] AndroidManifest.xml:37:27-75
80
81                <data
81-->[com.google.firebase:firebase-auth:21.0.1] AndroidManifest.xml:39:17-42:51
82                    android:host="firebase.auth"
82-->[com.google.firebase:firebase-auth:21.0.1] AndroidManifest.xml:40:21-49
83                    android:path="/"
83-->[com.google.firebase:firebase-auth:21.0.1] AndroidManifest.xml:41:21-37
84                    android:scheme="recaptcha" />
84-->[com.google.firebase:firebase-auth:21.0.1] AndroidManifest.xml:42:21-48
85            </intent-filter>
86        </activity>
87
88        <service
88-->[com.google.firebase:firebase-auth:21.0.1] AndroidManifest.xml:64:9-73:19
89            android:name="com.google.firebase.auth.api.fallback.service.FirebaseAuthFallbackService"
89-->[com.google.firebase:firebase-auth:21.0.1] AndroidManifest.xml:65:13-101
90            android:enabled="true"
90-->[com.google.firebase:firebase-auth:21.0.1] AndroidManifest.xml:66:13-35
91            android:exported="false" >
91-->[com.google.firebase:firebase-auth:21.0.1] AndroidManifest.xml:67:13-37
92            <intent-filter>
92-->[com.google.firebase:firebase-auth:21.0.1] AndroidManifest.xml:68:13-72:29
93                <action android:name="com.google.firebase.auth.api.gms.service.START" />
93-->[com.google.firebase:firebase-auth:21.0.1] AndroidManifest.xml:69:17-89
93-->[com.google.firebase:firebase-auth:21.0.1] AndroidManifest.xml:69:25-86
94
95                <category android:name="android.intent.category.DEFAULT" />
95-->[com.google.firebase:firebase-auth:21.0.1] AndroidManifest.xml:36:17-76
95-->[com.google.firebase:firebase-auth:21.0.1] AndroidManifest.xml:36:27-73
96            </intent-filter>
97        </service>
98        <service
98-->[com.google.firebase:firebase-auth:21.0.1] AndroidManifest.xml:74:9-80:19
99            android:name="com.google.firebase.components.ComponentDiscoveryService"
99-->[com.google.firebase:firebase-auth:21.0.1] AndroidManifest.xml:75:13-84
100            android:directBootAware="true"
100-->[com.google.firebase:firebase-common:20.0.0] AndroidManifest.xml:35:13-43
101            android:exported="false" >
101-->[com.google.firebase:firebase-auth:21.0.1] AndroidManifest.xml:76:13-37
102            <meta-data
102-->[com.google.firebase:firebase-auth:21.0.1] AndroidManifest.xml:77:13-79:85
103                android:name="com.google.firebase.components:com.google.firebase.auth.FirebaseAuthRegistrar"
103-->[com.google.firebase:firebase-auth:21.0.1] AndroidManifest.xml:78:17-109
104                android:value="com.google.firebase.components.ComponentRegistrar" />
104-->[com.google.firebase:firebase-auth:21.0.1] AndroidManifest.xml:79:17-82
105            <meta-data
105-->[com.google.firebase:firebase-database-ktx:20.0.3] AndroidManifest.xml:15:13-17:85
106                android:name="com.google.firebase.components:com.google.firebase.database.ktx.FirebaseDatabaseKtxRegistrar"
106-->[com.google.firebase:firebase-database-ktx:20.0.3] AndroidManifest.xml:16:17-124
107                android:value="com.google.firebase.components.ComponentRegistrar" />
107-->[com.google.firebase:firebase-database-ktx:20.0.3] AndroidManifest.xml:17:17-82
108            <meta-data
108-->[com.google.firebase:firebase-analytics-ktx:20.0.0] AndroidManifest.xml:11:13-13:85
109                android:name="com.google.firebase.components:com.google.firebase.analytics.ktx.FirebaseAnalyticsKtxRegistrar"
109-->[com.google.firebase:firebase-analytics-ktx:20.0.0] AndroidManifest.xml:12:17-126
110                android:value="com.google.firebase.components.ComponentRegistrar" />
110-->[com.google.firebase:firebase-analytics-ktx:20.0.0] AndroidManifest.xml:13:17-82
111            <meta-data
111-->[com.google.firebase:firebase-common-ktx:20.0.0] AndroidManifest.xml:15:13-17:85
112                android:name="com.google.firebase.components:com.google.firebase.ktx.FirebaseCommonKtxRegistrar"
112-->[com.google.firebase:firebase-common-ktx:20.0.0] AndroidManifest.xml:16:17-113
113                android:value="com.google.firebase.components.ComponentRegistrar" />
113-->[com.google.firebase:firebase-common-ktx:20.0.0] AndroidManifest.xml:17:17-82
114            <meta-data
114-->[com.google.firebase:firebase-database:20.0.3] AndroidManifest.xml:32:13-34:85
115                android:name="com.google.firebase.components:com.google.firebase.database.DatabaseRegistrar"
115-->[com.google.firebase:firebase-database:20.0.3] AndroidManifest.xml:33:17-109
116                android:value="com.google.firebase.components.ComponentRegistrar" />
116-->[com.google.firebase:firebase-database:20.0.3] AndroidManifest.xml:34:17-82
117            <meta-data
117-->[com.google.android.gms:play-services-measurement-api:20.0.0] AndroidManifest.xml:30:13-32:85
118                android:name="com.google.firebase.components:com.google.firebase.analytics.connector.internal.AnalyticsConnectorRegistrar"
118-->[com.google.android.gms:play-services-measurement-api:20.0.0] AndroidManifest.xml:31:17-139
119                android:value="com.google.firebase.components.ComponentRegistrar" />
119-->[com.google.android.gms:play-services-measurement-api:20.0.0] AndroidManifest.xml:32:17-82
120            <meta-data
120-->[com.google.firebase:firebase-installations:17.0.0] AndroidManifest.xml:18:13-20:85
121                android:name="com.google.firebase.components:com.google.firebase.installations.FirebaseInstallationsRegistrar"
121-->[com.google.firebase:firebase-installations:17.0.0] AndroidManifest.xml:19:17-127
122                android:value="com.google.firebase.components.ComponentRegistrar" />
122-->[com.google.firebase:firebase-installations:17.0.0] AndroidManifest.xml:20:17-82
123        </service>
124
125        <provider
125-->[com.google.firebase:firebase-common:20.0.0] AndroidManifest.xml:26:9-31:39
126            android:name="com.google.firebase.provider.FirebaseInitProvider"
126-->[com.google.firebase:firebase-common:20.0.0] AndroidManifest.xml:27:13-77
127            android:authorities="com.example.chatapp.firebaseinitprovider"
127-->[com.google.firebase:firebase-common:20.0.0] AndroidManifest.xml:28:13-72
128            android:directBootAware="true"
128-->[com.google.firebase:firebase-common:20.0.0] AndroidManifest.xml:29:13-43
129            android:exported="false"
129-->[com.google.firebase:firebase-common:20.0.0] AndroidManifest.xml:30:13-37
130            android:initOrder="100" />
130-->[com.google.firebase:firebase-common:20.0.0] AndroidManifest.xml:31:13-36
131
132        <activity
132-->[com.google.android.gms:play-services-base:17.1.0] AndroidManifest.xml:23:9-26:75
133            android:name="com.google.android.gms.common.api.GoogleApiActivity"
133-->[com.google.android.gms:play-services-base:17.1.0] AndroidManifest.xml:24:13-79
134            android:exported="false"
134-->[com.google.android.gms:play-services-base:17.1.0] AndroidManifest.xml:25:13-37
135            android:theme="@android:style/Theme.Translucent.NoTitleBar" />
135-->[com.google.android.gms:play-services-base:17.1.0] AndroidManifest.xml:26:13-72
136
137        <receiver
137-->[com.google.android.gms:play-services-measurement:20.0.0] AndroidManifest.xml:29:9-33:20
138            android:name="com.google.android.gms.measurement.AppMeasurementReceiver"
138-->[com.google.android.gms:play-services-measurement:20.0.0] AndroidManifest.xml:30:13-85
139            android:enabled="true"
139-->[com.google.android.gms:play-services-measurement:20.0.0] AndroidManifest.xml:31:13-35
140            android:exported="false" >
140-->[com.google.android.gms:play-services-measurement:20.0.0] AndroidManifest.xml:32:13-37
141        </receiver>
142
143        <service
143-->[com.google.android.gms:play-services-measurement:20.0.0] AndroidManifest.xml:35:9-38:40
144            android:name="com.google.android.gms.measurement.AppMeasurementService"
144-->[com.google.android.gms:play-services-measurement:20.0.0] AndroidManifest.xml:36:13-84
145            android:enabled="true"
145-->[com.google.android.gms:play-services-measurement:20.0.0] AndroidManifest.xml:37:13-35
146            android:exported="false" />
146-->[com.google.android.gms:play-services-measurement:20.0.0] AndroidManifest.xml:38:13-37
147        <service
147-->[com.google.android.gms:play-services-measurement:20.0.0] AndroidManifest.xml:39:9-43:72
148            android:name="com.google.android.gms.measurement.AppMeasurementJobService"
148-->[com.google.android.gms:play-services-measurement:20.0.0] AndroidManifest.xml:40:13-87
149            android:enabled="true"
149-->[com.google.android.gms:play-services-measurement:20.0.0] AndroidManifest.xml:41:13-35
150            android:exported="false"
150-->[com.google.android.gms:play-services-measurement:20.0.0] AndroidManifest.xml:42:13-37
151            android:permission="android.permission.BIND_JOB_SERVICE" />
151-->[com.google.android.gms:play-services-measurement:20.0.0] AndroidManifest.xml:43:13-69
152
153        <meta-data
153-->[com.google.android.gms:play-services-basement:17.1.0] AndroidManifest.xml:23:9-25:69
154            android:name="com.google.android.gms.version"
154-->[com.google.android.gms:play-services-basement:17.1.0] AndroidManifest.xml:24:13-58
155            android:value="@integer/google_play_services_version" />
155-->[com.google.android.gms:play-services-basement:17.1.0] AndroidManifest.xml:25:13-66
156
157        <provider
157-->[androidx.emoji2:emoji2:1.0.0] AndroidManifest.xml:26:9-34:20
158            android:name="androidx.startup.InitializationProvider"
158-->[androidx.emoji2:emoji2:1.0.0] AndroidManifest.xml:27:13-67
159            android:authorities="com.example.chatapp.androidx-startup"
159-->[androidx.emoji2:emoji2:1.0.0] AndroidManifest.xml:28:13-68
160            android:exported="false" >
160-->[androidx.emoji2:emoji2:1.0.0] AndroidManifest.xml:29:13-37
161            <meta-data
161-->[androidx.emoji2:emoji2:1.0.0] AndroidManifest.xml:31:13-33:52
162                android:name="androidx.emoji2.text.EmojiCompatInitializer"
162-->[androidx.emoji2:emoji2:1.0.0] AndroidManifest.xml:32:17-75
163                android:value="androidx.startup" />
163-->[androidx.emoji2:emoji2:1.0.0] AndroidManifest.xml:33:17-49
164            <meta-data
164-->[androidx.lifecycle:lifecycle-process:2.4.0] AndroidManifest.xml:31:13-33:52
165                android:name="androidx.lifecycle.ProcessLifecycleInitializer"
165-->[androidx.lifecycle:lifecycle-process:2.4.0] AndroidManifest.xml:32:17-78
166                android:value="androidx.startup" />
166-->[androidx.lifecycle:lifecycle-process:2.4.0] AndroidManifest.xml:33:17-49
167        </provider>
168    </application>
169
170</manifest>